<!DOCTYPE html>
<html>
<head>

<meta http-equiv="Content-Type" content="text/html; charset=UTF-8" />

<script src="js/jquery.min.js"></script>
<script src="js/jquery.tablesorter.min.js"></script>
<script src="js/Chart.min.js"></script>
<script src="js/moment.min.js"></script>
<script src="js/bootstrap.min.js"></script>

<link rel="stylesheet" href="css/bootstrap.min.css" type="text/css"/>
<link rel="stylesheet" href="css/cucumber.css" type="text/css"/>
<link rel="stylesheet" href="css/font-awesome.min.css"/>
<link rel="shortcut icon" href="images/favicon.png"/>

<script>
$(document).ready(function() {
    // this will tell tablesorter to try looking for the data-value attribute
    // if present, it'll sort by that instead
    // otherwise, it'll sort by the text content of the table cell
    $("#tablesorter").tablesorter({
        textAttribute: 'data-value',
        // ignores the first row of the header, the 'scenario', 'steps', since
        // sorting those doesn't make sense
        selectorHeaders: '> thead tr:not(.dont-sort) th',
        // use a stable sort
        sortStable: true
    });
});
</script>











<title>Cucumber Reports (no 1) - Tag: @TC-Demo-1</title>

</head>
<body>

<nav class="navbar navbar-default navbar-fixed-top" id="navigation">
  <div class="container-fluid">
    <div class="collapse navbar-collapse">
      <p class="navbar-text navbar-left">Cucumber Report</p>
      <ul class="nav navbar-nav navbar-right">
        <li role="presentation" ><a href="overview-features.html">Features</a></li>
        <li role="presentation" ><a href="overview-tags.html">Tags</a></li>
        <li role="presentation" ><a href="overview-steps.html">Steps</a></li>
        <li role="presentation" ><a href="overview-failures.html">Failures</a></li>
      </ul>
    </div>
  </div>
</nav>


<div class="container-fluid">
  <div class="col-md-5 col-md-offset-1">

<table class="table table-bordered" id="build-info">
  <thead>
    <tr>
      <th>Project</th>
        <th>Number</th>
      <th>Date</th>
    </tr>
  </thead>
  <tbody>
    <tr class="info">
      <td>Cucumber Reports</td>
        <td>1</td>
      <td>01 Oct 2021, 17:02</td>
    </tr>
  </tbody>
</table>

  </div>
  <div class="col-md-3 col-md-offset-2">
  </div>
</div>


<div id="report-lead" class="container-fluid">
  <div class="col-md-10 col-md-offset-1">
    <h2>Tag Report</h2>
  </div>
</div>


<div class="container-fluid" id="report">
  <div class="row">
    <div class="col-md-10 col-md-offset-1">
      <table class="stats-table">


<thead>
  <tr class="header dont-sort">
      <th></th>
    <th colspan="6">Steps</th>
    <th colspan="3">Scenarios</th>
    <th colspan="2">Features</th>
  </tr>
  <tr>
    <th>Tag</th>
    <th class="passed">Passed</th>
    <th class="failed">Failed</th>
    <th class="skipped">Skipped</th>
    <th class="pending">Pending</th>
    <th class="undefined">Undefined</th>
    <th class="total">Total</th>

    <th class="passed">Passed</th>
    <th class="failed">Failed</th>
    <th class="total">Total</th>

    <th>Duration</th>
    <th>Status</th>
  </tr>
</thead>


        <tbody>
        <tr>
          <td class="tagname">@TC-Demo-1</td>
          <td      class="passed"    >12</td>
          <td      class="failed"    >1</td>
          <td     class="skipped"   >3</td>
          <td >0</td>
          <td >0</td>
          <td class="total">16</td>

          <td >0</td>
          <td  class="failed"    >1</td>
          <td class="total">1</td>

          <td class="duration" data-value="145924235506">2:25.924</td>
          <td class="failed">Failed</td>
        </tr>
        </tbody>

      </table>
    </div>
  </div>
</div>



<div class="container-fluid">
  <div class="row">
    <div class="col-md-1 col-md-offset-10">
      <i class="fa fa-chevron-circle-down fa-2x collapsable-control"
        onClick="javascript:$('#report .collapsable-details').collapse('show')"></i>
      <i class="fa fa-chevron-circle-up fa-2x collapsable-control"
        onClick="javascript:$('#report .collapsable-details').collapse('hide')"></i>
    </div>
  </div>
</div>


<div class="container-fluid" id="report">
  <div class="row">
    <div class="col-md-10 col-md-offset-1">
      <div class="elements">


<div class="element">
    <div class="indention">
      <b>Feature:</b>
      <a href="report-feature_3476067804.html">Demo1</a>
    </div>


<div class="tags indention">
    <b>Tags:</b>
       <a href="report-tag_788783044.html">@TC-Demo-1</a>
</div>


  <span class="lead-duration duration">2:25.924</span>


  <span data-toggle="collapse" class=" collapsable-control" data-target="#element-1">

<div class="brief failed">
  <span class="keyword indention">Scenario</span>
  <span class="name">User is able to Login and confirm data is getting transferred from GCS to BigQuery</span>


     <i class="chevron fa fa-fw"></i>
</div>

  </span>
  <div class="description indention"></div>

  <div id="element-1" class="collapse collapsable-details  in ">


  <div class="inner-level hooks-element-before">
    <div data-toggle="collapse" class=" collapsed  collapsable-control" data-target="#before-2">

<div class="brief passed">
  <span class="keyword indention">Hooks</span>
  <span class="name"></span>


     <i class="chevron fa fa-fw"></i>
</div>

    </div>

    <div id="before-2" class="inner-level collapse collapsable-details ">
        <div class="hook">
          <div class="brief passed">
            <span class="keyword indention">Before</span>
              <span class="location name">BeforeActions.setUp(Scenario)</span>

  <span class="lead-duration duration">1.150</span>

          </div>







        </div>
    </div>
  </div>



<div class="steps inner-level">
  <div data-toggle="collapse" class=" collapsable-control" data-target="#steps-3">

<div class="brief failed">
  <span class="keyword indention">Steps</span>
  <span class="name"></span>


     <i class="chevron fa fa-fw"></i>
</div>

  </div>

  <div id="steps-3" class="inner-level collapse collapsable-details  in ">
      <div class="step">


<div class="brief step-name-Given passed">
  <span class="keyword indention">Given</span>
  <span class="name">Open Datafusion Project to configure pipeline</span>

  <span class="lead-duration duration">6.758</span>

</div>















  <div class="inner-level hooks-step-after">
    <div data-toggle="collapse" class=" collapsed  collapsable-control" data-target="#after-4">

<div class="brief passed">
  <span class="keyword indention">Hooks</span>
  <span class="name"></span>


     <i class="chevron fa fa-fw"></i>
</div>

    </div>

    <div id="after-4" class="inner-level collapse collapsable-details ">
        <div class="hook">
          <div class="brief passed">
            <span class="keyword indention">After</span>
              <span class="location name">AfterActions.tearDown(Scenario)</span>

  <span class="lead-duration duration">0.188</span>

          </div>






  <div class="embeddings inner-level">
  <div class="embedding indention">
    <div data-toggle="collapse" data-target="#embedding-5" class="collapsable-control">
      <a>Attachment 1 (png)</a>
      <a href="embeddings/embedding_-1797852566.png" download target="_blank">
        <span class="download-button glyphicon glyphicon-download-alt"></span>
      </a>
    </div>
    <div id="embedding-5" class="collapse collapsable-details ">
      <div class="embedding-content">
        <img src="embeddings/embedding_-1797852566.png">
      </div>
    </div>
  </div>
  </div>

        </div>
    </div>
  </div>

      </div>
      <div class="step">


<div class="brief step-name-When passed">
  <span class="keyword indention">When</span>
  <span class="name">Source is GCS bucket</span>

  <span class="lead-duration duration">3.174</span>

</div>















  <div class="inner-level hooks-step-after">
    <div data-toggle="collapse" class=" collapsed  collapsable-control" data-target="#after-6">

<div class="brief passed">
  <span class="keyword indention">Hooks</span>
  <span class="name"></span>


     <i class="chevron fa fa-fw"></i>
</div>

    </div>

    <div id="after-6" class="inner-level collapse collapsable-details ">
        <div class="hook">
          <div class="brief passed">
            <span class="keyword indention">After</span>
              <span class="location name">AfterActions.tearDown(Scenario)</span>

  <span class="lead-duration duration">0.188</span>

          </div>






  <div class="embeddings inner-level">
  <div class="embedding indention">
    <div data-toggle="collapse" data-target="#embedding-7" class="collapsable-control">
      <a>Attachment 1 (png)</a>
      <a href="embeddings/embedding_-558437799.png" download target="_blank">
        <span class="download-button glyphicon glyphicon-download-alt"></span>
      </a>
    </div>
    <div id="embedding-7" class="collapse collapsable-details ">
      <div class="embedding-content">
        <img src="embeddings/embedding_-558437799.png">
      </div>
    </div>
  </div>
  </div>

        </div>
    </div>
  </div>

      </div>
      <div class="step">


<div class="brief step-name-When passed">
  <span class="keyword indention">When</span>
  <span class="name">Target is BigQuery</span>

  <span class="lead-duration duration">0.162</span>

</div>















  <div class="inner-level hooks-step-after">
    <div data-toggle="collapse" class=" collapsed  collapsable-control" data-target="#after-8">

<div class="brief passed">
  <span class="keyword indention">Hooks</span>
  <span class="name"></span>


     <i class="chevron fa fa-fw"></i>
</div>

    </div>

    <div id="after-8" class="inner-level collapse collapsable-details ">
        <div class="hook">
          <div class="brief passed">
            <span class="keyword indention">After</span>
              <span class="location name">AfterActions.tearDown(Scenario)</span>

  <span class="lead-duration duration">0.227</span>

          </div>






  <div class="embeddings inner-level">
  <div class="embedding indention">
    <div data-toggle="collapse" data-target="#embedding-9" class="collapsable-control">
      <a>Attachment 1 (png)</a>
      <a href="embeddings/embedding_1611800613.png" download target="_blank">
        <span class="download-button glyphicon glyphicon-download-alt"></span>
      </a>
    </div>
    <div id="embedding-9" class="collapse collapsable-details ">
      <div class="embedding-content">
        <img src="embeddings/embedding_1611800613.png">
      </div>
    </div>
  </div>
  </div>

        </div>
    </div>
  </div>

      </div>
      <div class="step">


<div class="brief step-name-Then passed">
  <span class="keyword indention">Then</span>
  <span class="name">Link Source and Sink to establish connection</span>

  <span class="lead-duration duration">2.333</span>

</div>















  <div class="inner-level hooks-step-after">
    <div data-toggle="collapse" class=" collapsed  collapsable-control" data-target="#after-10">

<div class="brief passed">
  <span class="keyword indention">Hooks</span>
  <span class="name"></span>


     <i class="chevron fa fa-fw"></i>
</div>

    </div>

    <div id="after-10" class="inner-level collapse collapsable-details ">
        <div class="hook">
          <div class="brief passed">
            <span class="keyword indention">After</span>
              <span class="location name">AfterActions.tearDown(Scenario)</span>

  <span class="lead-duration duration">0.193</span>

          </div>






  <div class="embeddings inner-level">
  <div class="embedding indention">
    <div data-toggle="collapse" data-target="#embedding-11" class="collapsable-control">
      <a>Attachment 1 (png)</a>
      <a href="embeddings/embedding_1524098609.png" download target="_blank">
        <span class="download-button glyphicon glyphicon-download-alt"></span>
      </a>
    </div>
    <div id="embedding-11" class="collapse collapsable-details ">
      <div class="embedding-content">
        <img src="embeddings/embedding_1524098609.png">
      </div>
    </div>
  </div>
  </div>

        </div>
    </div>
  </div>

      </div>
      <div class="step">


<div class="brief step-name-Then passed">
  <span class="keyword indention">Then</span>
  <span class="name">Enter the GCS Properties with <span class="argument">&quot;@TC-Demo-1_GCS&quot;</span> GCS bucket</span>

  <span class="lead-duration duration">15.494</span>

</div>















  <div class="inner-level hooks-step-after">
    <div data-toggle="collapse" class=" collapsed  collapsable-control" data-target="#after-12">

<div class="brief passed">
  <span class="keyword indention">Hooks</span>
  <span class="name"></span>


     <i class="chevron fa fa-fw"></i>
</div>

    </div>

    <div id="after-12" class="inner-level collapse collapsable-details ">
        <div class="hook">
          <div class="brief passed">
            <span class="keyword indention">After</span>
              <span class="location name">AfterActions.tearDown(Scenario)</span>

  <span class="lead-duration duration">0.160</span>

          </div>






  <div class="embeddings inner-level">
  <div class="embedding indention">
    <div data-toggle="collapse" data-target="#embedding-13" class="collapsable-control">
      <a>Attachment 1 (png)</a>
      <a href="embeddings/embedding_-455124404.png" download target="_blank">
        <span class="download-button glyphicon glyphicon-download-alt"></span>
      </a>
    </div>
    <div id="embedding-13" class="collapse collapsable-details ">
      <div class="embedding-content">
        <img src="embeddings/embedding_-455124404.png">
      </div>
    </div>
  </div>
  </div>

        </div>
    </div>
  </div>

      </div>
      <div class="step">


<div class="brief step-name-Then passed">
  <span class="keyword indention">Then</span>
  <span class="name">Close the GCS Properties</span>

  <span class="lead-duration duration">0.169</span>

</div>















  <div class="inner-level hooks-step-after">
    <div data-toggle="collapse" class=" collapsed  collapsable-control" data-target="#after-14">

<div class="brief passed">
  <span class="keyword indention">Hooks</span>
  <span class="name"></span>


     <i class="chevron fa fa-fw"></i>
</div>

    </div>

    <div id="after-14" class="inner-level collapse collapsable-details ">
        <div class="hook">
          <div class="brief passed">
            <span class="keyword indention">After</span>
              <span class="location name">AfterActions.tearDown(Scenario)</span>

  <span class="lead-duration duration">0.206</span>

          </div>






  <div class="embeddings inner-level">
  <div class="embedding indention">
    <div data-toggle="collapse" data-target="#embedding-15" class="collapsable-control">
      <a>Attachment 1 (png)</a>
      <a href="embeddings/embedding_613584653.png" download target="_blank">
        <span class="download-button glyphicon glyphicon-download-alt"></span>
      </a>
    </div>
    <div id="embedding-15" class="collapse collapsable-details ">
      <div class="embedding-content">
        <img src="embeddings/embedding_613584653.png">
      </div>
    </div>
  </div>
  </div>

        </div>
    </div>
  </div>

      </div>
      <div class="step">


<div class="brief step-name-Then passed">
  <span class="keyword indention">Then</span>
  <span class="name">Enter the BigQuery Properties for table <span class="argument">&quot;tableDemo&quot;</span></span>

  <span class="lead-duration duration">10.006</span>

</div>















  <div class="inner-level hooks-step-after">
    <div data-toggle="collapse" class=" collapsed  collapsable-control" data-target="#after-16">

<div class="brief passed">
  <span class="keyword indention">Hooks</span>
  <span class="name"></span>


     <i class="chevron fa fa-fw"></i>
</div>

    </div>

    <div id="after-16" class="inner-level collapse collapsable-details ">
        <div class="hook">
          <div class="brief passed">
            <span class="keyword indention">After</span>
              <span class="location name">AfterActions.tearDown(Scenario)</span>

  <span class="lead-duration duration">0.159</span>

          </div>






  <div class="embeddings inner-level">
  <div class="embedding indention">
    <div data-toggle="collapse" data-target="#embedding-17" class="collapsable-control">
      <a>Attachment 1 (png)</a>
      <a href="embeddings/embedding_-1756185265.png" download target="_blank">
        <span class="download-button glyphicon glyphicon-download-alt"></span>
      </a>
    </div>
    <div id="embedding-17" class="collapse collapsable-details ">
      <div class="embedding-content">
        <img src="embeddings/embedding_-1756185265.png">
      </div>
    </div>
  </div>
  </div>

        </div>
    </div>
  </div>

      </div>
      <div class="step">


<div class="brief step-name-Then passed">
  <span class="keyword indention">Then</span>
  <span class="name">Close the BigQuery Properties</span>

  <span class="lead-duration duration">0.105</span>

</div>















  <div class="inner-level hooks-step-after">
    <div data-toggle="collapse" class=" collapsed  collapsable-control" data-target="#after-18">

<div class="brief passed">
  <span class="keyword indention">Hooks</span>
  <span class="name"></span>


     <i class="chevron fa fa-fw"></i>
</div>

    </div>

    <div id="after-18" class="inner-level collapse collapsable-details ">
        <div class="hook">
          <div class="brief passed">
            <span class="keyword indention">After</span>
              <span class="location name">AfterActions.tearDown(Scenario)</span>

  <span class="lead-duration duration">0.191</span>

          </div>






  <div class="embeddings inner-level">
  <div class="embedding indention">
    <div data-toggle="collapse" data-target="#embedding-19" class="collapsable-control">
      <a>Attachment 1 (png)</a>
      <a href="embeddings/embedding_-1119434339.png" download target="_blank">
        <span class="download-button glyphicon glyphicon-download-alt"></span>
      </a>
    </div>
    <div id="embedding-19" class="collapse collapsable-details ">
      <div class="embedding-content">
        <img src="embeddings/embedding_-1119434339.png">
      </div>
    </div>
  </div>
  </div>

        </div>
    </div>
  </div>

      </div>
      <div class="step">


<div class="brief step-name-Then passed">
  <span class="keyword indention">Then</span>
  <span class="name">Save and Deploy Pipeline</span>

  <span class="lead-duration duration">3.955</span>

</div>















  <div class="inner-level hooks-step-after">
    <div data-toggle="collapse" class=" collapsed  collapsable-control" data-target="#after-20">

<div class="brief passed">
  <span class="keyword indention">Hooks</span>
  <span class="name"></span>


     <i class="chevron fa fa-fw"></i>
</div>

    </div>

    <div id="after-20" class="inner-level collapse collapsable-details ">
        <div class="hook">
          <div class="brief passed">
            <span class="keyword indention">After</span>
              <span class="location name">AfterActions.tearDown(Scenario)</span>

  <span class="lead-duration duration">0.275</span>

          </div>






  <div class="embeddings inner-level">
  <div class="embedding indention">
    <div data-toggle="collapse" data-target="#embedding-21" class="collapsable-control">
      <a>Attachment 1 (png)</a>
      <a href="embeddings/embedding_-1028976885.png" download target="_blank">
        <span class="download-button glyphicon glyphicon-download-alt"></span>
      </a>
    </div>
    <div id="embedding-21" class="collapse collapsable-details ">
      <div class="embedding-content">
        <img src="embeddings/embedding_-1028976885.png">
      </div>
    </div>
  </div>
  </div>

        </div>
    </div>
  </div>

      </div>
      <div class="step">


<div class="brief step-name-Then passed">
  <span class="keyword indention">Then</span>
  <span class="name">Run the Pipeline in Runtime</span>

  <span class="lead-duration duration">3.268</span>

</div>















  <div class="inner-level hooks-step-after">
    <div data-toggle="collapse" class=" collapsed  collapsable-control" data-target="#after-22">

<div class="brief passed">
  <span class="keyword indention">Hooks</span>
  <span class="name"></span>


     <i class="chevron fa fa-fw"></i>
</div>

    </div>

    <div id="after-22" class="inner-level collapse collapsable-details ">
        <div class="hook">
          <div class="brief passed">
            <span class="keyword indention">After</span>
              <span class="location name">AfterActions.tearDown(Scenario)</span>

  <span class="lead-duration duration">0.196</span>

          </div>






  <div class="embeddings inner-level">
  <div class="embedding indention">
    <div data-toggle="collapse" data-target="#embedding-23" class="collapsable-control">
      <a>Attachment 1 (png)</a>
      <a href="embeddings/embedding_150540068.png" download target="_blank">
        <span class="download-button glyphicon glyphicon-download-alt"></span>
      </a>
    </div>
    <div id="embedding-23" class="collapse collapsable-details ">
      <div class="embedding-content">
        <img src="embeddings/embedding_150540068.png">
      </div>
    </div>
  </div>
  </div>

        </div>
    </div>
  </div>

      </div>
      <div class="step">


<div class="brief step-name-Then passed">
  <span class="keyword indention">Then</span>
  <span class="name">Wait till pipeline is in running state</span>

  <span class="lead-duration duration">50.085</span>

</div>















  <div class="inner-level hooks-step-after">
    <div data-toggle="collapse" class=" collapsed  collapsable-control" data-target="#after-24">

<div class="brief passed">
  <span class="keyword indention">Hooks</span>
  <span class="name"></span>


     <i class="chevron fa fa-fw"></i>
</div>

    </div>

    <div id="after-24" class="inner-level collapse collapsable-details ">
        <div class="hook">
          <div class="brief passed">
            <span class="keyword indention">After</span>
              <span class="location name">AfterActions.tearDown(Scenario)</span>

  <span class="lead-duration duration">0.153</span>

          </div>






  <div class="embeddings inner-level">
  <div class="embedding indention">
    <div data-toggle="collapse" data-target="#embedding-25" class="collapsable-control">
      <a>Attachment 1 (png)</a>
      <a href="embeddings/embedding_124401339.png" download target="_blank">
        <span class="download-button glyphicon glyphicon-download-alt"></span>
      </a>
    </div>
    <div id="embedding-25" class="collapse collapsable-details ">
      <div class="embedding-content">
        <img src="embeddings/embedding_124401339.png">
      </div>
    </div>
  </div>
  </div>

        </div>
    </div>
  </div>

      </div>
      <div class="step">


<div class="brief step-name-Then passed">
  <span class="keyword indention">Then</span>
  <span class="name">Open Logs</span>

  <span class="lead-duration duration">0.390</span>

</div>











  <div class="outputs inner-level">
      <div class="output indention">
        <div data-toggle="collapse" class=" collapsed  collapsable-control" data-target="#output-26">
          Output 1
          <i class="chevron fa fa-fw"></i>
        </div>
        <div id="output-26" class="collapse collapsable-details " >
          
          <pre><p>2021-10-01 17:00:19,061 - DEBUG [provisioning-task-0:i.c.c.i.p.t.ProvisioningTask@125] - Executing PROVISION subtask REQUESTING_CREATE for program run program_run:default.TestPipeline1a3fe4a7-02f0-4d45-88a9-c058f2277d27.-SNAPSHOT.workflow.DataPipelineWorkflow.0e5100c4-22d9-11ec-8d6d-eee09c71e460.
2021-10-01 17:00:19,063 - DEBUG [provisioning-task-0:i.c.c.i.p.t.ProvisioningTask@129] - Completed PROVISION subtask REQUESTING_CREATE for program run program_run:default.TestPipeline1a3fe4a7-02f0-4d45-88a9-c058f2277d27.-SNAPSHOT.workflow.DataPipelineWorkflow.0e5100c4-22d9-11ec-8d6d-eee09c71e460.
2021-10-01 17:00:19,090 - DEBUG [provisioning-task-2:i.c.c.i.p.t.ProvisioningTask@116] - Completed PROVISION task for program run program_run:default.TestPipeline1a3fe4a7-02f0-4d45-88a9-c058f2277d27.-SNAPSHOT.workflow.DataPipelineWorkflow.0e5100c4-22d9-11ec-8d6d-eee09c71e460.
2021-10-01 17:00:22,612 - INFO  [WorkflowDriver:i.c.c.d.SmartWorkflow@470] - Pipeline 'TestPipeline1a3fe4a7-02f0-4d45-88a9-c058f2277d27' is started by user 'runner' with arguments {logical.start.time=1633107618508}
2021-10-01 17:00:22,646 - INFO  [WorkflowDriver:i.c.c.d.SmartWorkflow@505] - Pipeline 'TestPipeline1a3fe4a7-02f0-4d45-88a9-c058f2277d27' running
2021-10-01 17:00:22,651 - DEBUG [WorkflowDriver:i.c.c.i.a.r.w.WorkflowProgramController@71] - Workflow service workflow.default.TestPipeline1a3fe4a7-02f0-4d45-88a9-c058f2277d27.DataPipelineWorkflow.0e5100c4-22d9-11ec-8d6d-eee09c71e460 started
2021-10-01 17:00:22,652 - INFO  [WorkflowDriver:i.c.c.i.a.r.w.WorkflowDriver@623] - Starting workflow execution for 'DataPipelineWorkflow' with Run id '0e5100c4-22d9-11ec-8d6d-eee09c71e460'
2021-10-01 17:00:22,688 - INFO  [action-phase-1-0:i.c.c.i.a.r.w.WorkflowDriver@337] - Starting Spark Program 'phase-1' in workflow
2021-10-01 17:00:22,729 - DEBUG [action-phase-1-0:i.c.c.a.r.s.SparkProgramRunner@231] - Starting Spark Job. Context: SparkRuntimeContext{id=program:default.TestPipeline1a3fe4a7-02f0-4d45-88a9-c058f2277d27.-SNAPSHOT.spark.phase-1, runId=10ceaaf5-22d9-11ec-b6f3-eee09c71e460}
2021-10-01 17:00:26,215 - ERROR [SparkRunnerphase-1:i.c.c.i.a.r.ProgramControllerServiceAdapter@92] - Spark Program 'phase-1' failed.
org.apache.tephra.TransactionFailureException: Exception raised from TxRunnable.run() io.cdap.cdap.internal.app.runtime.AbstractContext$$Lambda$452/1649063084@7b653867
 at io.cdap.cdap.data2.transaction.Transactions$CacheBasedTransactional.finishExecute(Transactions.java:226) ~[na:na]
 at io.cdap.cdap.data2.transaction.Transactions$CacheBasedTransactional.execute(Transactions.java:211) ~[na:na]
 at io.cdap.cdap.internal.app.runtime.AbstractContext.execute(AbstractContext.java:514) ~[na:na]
 at io.cdap.cdap.internal.app.runtime.AbstractContext.execute(AbstractContext.java:502) ~[na:na]
 at io.cdap.cdap.app.runtime.spark.BasicSparkClientContext.execute(BasicSparkClientContext.java:342) ~[io.cdap.cdap.cdap-spark-core2_2.11-6.6.0-SNAPSHOT.jar:na]
 at io.cdap.cdap.etl.common.submit.SubmitterPlugin.prepareRun(SubmitterPlugin.java:69) ~[na:na]
 at io.cdap.cdap.etl.common.submit.PipelinePhasePreparer.prepare(PipelinePhasePreparer.java:148) ~[na:na]
 at io.cdap.cdap.etl.spark.AbstractSparkPreparer.prepare(AbstractSparkPreparer.java:87) ~[na:na]
 at io.cdap.cdap.etl.spark.batch.SparkPreparer.prepare(SparkPreparer.java:90) ~[na:na]
 at io.cdap.cdap.etl.spark.batch.ETLSpark.initialize(ETLSpark.java:120) ~[na:na]
 at io.cdap.cdap.api.spark.AbstractSpark.initialize(AbstractSpark.java:131) ~[na:na]
 at io.cdap.cdap.api.spark.AbstractSpark.initialize(AbstractSpark.java:33) ~[na:na]
 at io.cdap.cdap.app.runtime.spark.SparkRuntimeService$2.initialize(SparkRuntimeService.java:167) ~[io.cdap.cdap.cdap-spark-core2_2.11-6.6.0-SNAPSHOT.jar:na]
 at io.cdap.cdap.app.runtime.spark.SparkRuntimeService$2.initialize(SparkRuntimeService.java:162) ~[io.cdap.cdap.cdap-spark-core2_2.11-6.6.0-SNAPSHOT.jar:na]
 at io.cdap.cdap.internal.app.runtime.AbstractContext.lambda$initializeProgram$6(AbstractContext.java:602) ~[na:na]
 at io.cdap.cdap.internal.app.runtime.AbstractContext.execute(AbstractContext.java:562) ~[na:na]
 at io.cdap.cdap.internal.app.runtime.AbstractContext.initializeProgram(AbstractContext.java:599) ~[na:na]
 at io.cdap.cdap.app.runtime.spark.SparkRuntimeService.initialize(SparkRuntimeService.java:433) ~[io.cdap.cdap.cdap-spark-core2_2.11-6.6.0-SNAPSHOT.jar:na]
 at io.cdap.cdap.app.runtime.spark.SparkRuntimeService.startUp(SparkRuntimeService.java:208) ~[io.cdap.cdap.cdap-spark-core2_2.11-6.6.0-SNAPSHOT.jar:na]
 at com.google.common.util.concurrent.AbstractExecutionThreadService$1$1.run(AbstractExecutionThreadService.java:47) ~[com.google.guava.guava-13.0.1.jar:na]
 at io.cdap.cdap.app.runtime.spark.SparkRuntimeService$5$1.run(SparkRuntimeService.java:404) [io.cdap.cdap.cdap-spark-core2_2.11-6.6.0-SNAPSHOT.jar:na]
 at java.lang.Thread.run(Thread.java:748) [na:1.8.0_292]
Caused by: java.io.IOException: Unable to create Cloud Storage bucket '8f568007-51f1-456d-b3c5-021d70c974c3' in the same location ('US') as BigQuery dataset 'test_automation'. Please use a bucket that is in the same location as the dataset.
 at io.cdap.plugin.gcp.bigquery.sink.BigQuerySinkUtils.createBucket(BigQuerySinkUtils.java:146) ~[na:na]
 at io.cdap.plugin.gcp.bigquery.sink.BigQuerySinkUtils.createResources(BigQuerySinkUtils.java:86) ~[na:na]
 at io.cdap.plugin.gcp.bigquery.sink.AbstractBigQuerySink.prepareRun(AbstractBigQuerySink.java:95) ~[na:na]
 at io.cdap.plugin.gcp.bigquery.sink.AbstractBigQuerySink.prepareRun(AbstractBigQuerySink.java:60) ~[na:na]
 at io.cdap.cdap.etl.common.plugin.WrappedBatchSink.lambda$prepareRun$0(WrappedBatchSink.java:52) ~[na:na]
 at io.cdap.cdap.etl.common.plugin.Caller$1.call(Caller.java:30) ~[na:na]
 at io.cdap.cdap.etl.common.plugin.WrappedBatchSink.prepareRun(WrappedBatchSink.java:51) ~[na:na]
 at io.cdap.cdap.etl.common.plugin.WrappedBatchSink.prepareRun(WrappedBatchSink.java:37) ~[na:na]
 at io.cdap.cdap.etl.common.submit.SubmitterPlugin.lambda$prepareRun$2(SubmitterPlugin.java:71) ~[na:na]
 at io.cdap.cdap.internal.app.runtime.AbstractContext.lambda$execute$3(AbstractContext.java:517) ~[na:na]
 at io.cdap.cdap.data2.transaction.Transactions$CacheBasedTransactional.finishExecute(Transactions.java:224) ~[na:na]
 ... 21 common frames omitted
Caused by: com.google.cloud.storage.StorageException: e2e-tests@cdapio-github-builds.iam.gserviceaccount.com does not have storage.buckets.create access to the Google Cloud project.
 at com.google.cloud.storage.spi.v1.HttpStorageRpc.translate(HttpStorageRpc.java:233) ~[na:na]
 at com.google.cloud.storage.spi.v1.HttpStorageRpc.create(HttpStorageRpc.java:276) ~[na:na]
 at com.google.cloud.storage.StorageImpl$2.call(StorageImpl.java:138) ~[na:na]
 at com.google.cloud.storage.StorageImpl$2.call(StorageImpl.java:135) ~[na:na]
 at com.google.api.gax.retrying.DirectRetryingExecutor.submit(DirectRetryingExecutor.java:105) ~[na:na]
 at com.google.cloud.RetryHelper.run(RetryHelper.java:76) ~[na:na]
 at com.google.cloud.RetryHelper.runWithRetries(RetryHelper.java:50) ~[na:na]
 at com.google.cloud.storage.StorageImpl.create(StorageImpl.java:134) ~[na:na]
 at io.cdap.plugin.gcp.common.GCPUtils.createBucket(GCPUtils.java:188) ~[na:na]
 at io.cdap.plugin.gcp.bigquery.sink.BigQuerySinkUtils.createBucket(BigQuerySinkUtils.java:140) ~[na:na]
 ... 31 common frames omitted
Caused by: com.google.api.client.googleapis.json.GoogleJsonResponseException: 403 Forbidden
POST https://storage.googleapis.com/storage/v1/b?project=cdapio-github-builds&amp;projection=full
{
  &quot;code&quot; : 403,
  &quot;errors&quot; : [ {
    &quot;domain&quot; : &quot;global&quot;,
    &quot;message&quot; : &quot;e2e-tests@cdapio-github-builds.iam.gserviceaccount.com does not have storage.buckets.create access to the Google Cloud project.&quot;,
    &quot;reason&quot; : &quot;forbidden&quot;
  } ],
  &quot;message&quot; : &quot;e2e-tests@cdapio-github-builds.iam.gserviceaccount.com does not have storage.buckets.create access to the Google Cloud project.&quot;
}
 at com.google.api.client.googleapis.json.GoogleJsonResponseException.from(GoogleJsonResponseException.java:146) ~[na:na]
 at com.google.api.client.googleapis.services.json.AbstractGoogleJsonClientRequest.newExceptionOnError(AbstractGoogleJsonClientRequest.java:118) ~[na:na]
 at com.google.api.client.googleapis.services.json.AbstractGoogleJsonClientRequest.newExceptionOnError(AbstractGoogleJsonClientRequest.java:37) ~[na:na]
 at com.google.api.client.googleapis.services.AbstractGoogleClientRequest$1.interceptResponse(AbstractGoogleClientRequest.java:428) ~[na:na]
 at com.google.api.client.http.HttpRequest.execute(HttpRequest.java:1111) ~[na:na]
 at com.google.api.client.googleapis.services.AbstractGoogleClientRequest.executeUnparsed(AbstractGoogleClientRequest.java:514) ~[na:na]
 at com.google.api.client.googleapis.services.AbstractGoogleClientRequest.executeUnparsed(AbstractGoogleClientRequest.java:455) ~[na:na]
 at com.google.api.client.googleapis.services.AbstractGoogleClientRequest.execute(AbstractGoogleClientRequest.java:565) ~[na:na]
 at com.google.cloud.storage.spi.v1.HttpStorageRpc.create(HttpStorageRpc.java:273) ~[na:na]
 ... 39 common frames omitted
2021-10-01 17:00:26,236 - ERROR [SparkRunnerphase-1:i.c.c.i.a.r.ProgramControllerServiceAdapter@93] - Spark program 'phase-1' failed with error: 403 Forbidden
POST https://storage.googleapis.com/storage/v1/b?project=cdapio-github-builds&amp;projection=full
{
  &quot;code&quot; : 403,
  &quot;errors&quot; : [ {
    &quot;domain&quot; : &quot;global&quot;,
    &quot;message&quot; : &quot;e2e-tests@cdapio-github-builds.iam.gserviceaccount.com does not have storage.buckets.create access to the Google Cloud project.&quot;,
    &quot;reason&quot; : &quot;forbidden&quot;
  } ],
  &quot;message&quot; : &quot;e2e-tests@cdapio-github-builds.iam.gserviceaccount.com does not have storage.buckets.create access to the Google Cloud project.&quot;
}. Please check the system logs for more details.
com.google.api.client.googleapis.json.GoogleJsonResponseException: 403 Forbidden
POST https://storage.googleapis.com/storage/v1/b?project=cdapio-github-builds&amp;projection=full
{
  &quot;code&quot; : 403,
  &quot;errors&quot; : [ {
    &quot;domain&quot; : &quot;global&quot;,
    &quot;message&quot; : &quot;e2e-tests@cdapio-github-builds.iam.gserviceaccount.com does not have storage.buckets.create access to the Google Cloud project.&quot;,
    &quot;reason&quot; : &quot;forbidden&quot;
  } ],
  &quot;message&quot; : &quot;e2e-tests@cdapio-github-builds.iam.gserviceaccount.com does not have storage.buckets.create access to the Google Cloud project.&quot;
}
 at com.google.api.client.googleapis.json.GoogleJsonResponseException.from(GoogleJsonResponseException.java:146) ~[na:na]
 at com.google.api.client.googleapis.services.json.AbstractGoogleJsonClientRequest.newExceptionOnError(AbstractGoogleJsonClientRequest.java:118) ~[na:na]
 at com.google.api.client.googleapis.services.json.AbstractGoogleJsonClientRequest.newExceptionOnError(AbstractGoogleJsonClientRequest.java:37) ~[na:na]
 at com.google.api.client.googleapis.services.AbstractGoogleClientRequest$1.interceptResponse(AbstractGoogleClientRequest.java:428) ~[na:na]
 at com.google.api.client.http.HttpRequest.execute(HttpRequest.java:1111) ~[na:na]
 at com.google.api.client.googleapis.services.AbstractGoogleClientRequest.executeUnparsed(AbstractGoogleClientRequest.java:514) ~[na:na]
 at com.google.api.client.googleapis.services.AbstractGoogleClientRequest.executeUnparsed(AbstractGoogleClientRequest.java:455) ~[na:na]
 at com.google.api.client.googleapis.services.AbstractGoogleClientRequest.execute(AbstractGoogleClientRequest.java:565) ~[na:na]
 at com.google.cloud.storage.spi.v1.HttpStorageRpc.create(HttpStorageRpc.java:273) ~[na:na]
 at com.google.cloud.storage.StorageImpl$2.call(StorageImpl.java:138) ~[na:na]
 at com.google.cloud.storage.StorageImpl$2.call(StorageImpl.java:135) ~[na:na]
 at com.google.api.gax.retrying.DirectRetryingExecutor.submit(DirectRetryingExecutor.java:105) ~[na:na]
 at com.google.cloud.RetryHelper.run(RetryHelper.java:76) ~[na:na]
 at com.google.cloud.RetryHelper.runWithRetries(RetryHelper.java:50) ~[na:na]
 at com.google.cloud.storage.StorageImpl.create(StorageImpl.java:134) ~[na:na]
 at io.cdap.plugin.gcp.common.GCPUtils.createBucket(GCPUtils.java:188) ~[na:na]
 at io.cdap.plugin.gcp.bigquery.sink.BigQuerySinkUtils.createBucket(BigQuerySinkUtils.java:140) ~[na:na]
 at io.cdap.plugin.gcp.bigquery.sink.BigQuerySinkUtils.createResources(BigQuerySinkUtils.java:86) ~[na:na]
 at io.cdap.plugin.gcp.bigquery.sink.AbstractBigQuerySink.prepareRun(AbstractBigQuerySink.java:95) ~[na:na]
 at io.cdap.plugin.gcp.bigquery.sink.AbstractBigQuerySink.prepareRun(AbstractBigQuerySink.java:60) ~[na:na]
 at io.cdap.cdap.etl.common.plugin.WrappedBatchSink.lambda$prepareRun$0(WrappedBatchSink.java:52) ~[na:na]
 at io.cdap.cdap.etl.common.plugin.Caller$1.call(Caller.java:30) ~[na:na]
 at io.cdap.cdap.etl.common.plugin.WrappedBatchSink.prepareRun(WrappedBatchSink.java:51) ~[na:na]
 at io.cdap.cdap.etl.common.plugin.WrappedBatchSink.prepareRun(WrappedBatchSink.java:37) ~[na:na]
 at io.cdap.cdap.etl.common.submit.SubmitterPlugin.lambda$prepareRun$2(SubmitterPlugin.java:71) ~[na:na]
 at io.cdap.cdap.internal.app.runtime.AbstractContext.lambda$execute$3(AbstractContext.java:517) ~[na:na]
 at io.cdap.cdap.data2.transaction.Transactions$CacheBasedTransactional.finishExecute(Transactions.java:224) ~[na:na]
 at io.cdap.cdap.data2.transaction.Transactions$CacheBasedTransactional.execute(Transactions.java:211) ~[na:na]
 at io.cdap.cdap.internal.app.runtime.AbstractContext.execute(AbstractContext.java:514) ~[na:na]
 at io.cdap.cdap.internal.app.runtime.AbstractContext.execute(AbstractContext.java:502) ~[na:na]
 at io.cdap.cdap.app.runtime.spark.BasicSparkClientContext.execute(BasicSparkClientContext.java:342) ~[io.cdap.cdap.cdap-spark-core2_2.11-6.6.0-SNAPSHOT.jar:na]
 at io.cdap.cdap.etl.common.submit.SubmitterPlugin.prepareRun(SubmitterPlugin.java:69) ~[na:na]
 at io.cdap.cdap.etl.common.submit.PipelinePhasePreparer.prepare(PipelinePhasePreparer.java:148) ~[na:na]
 at io.cdap.cdap.etl.spark.AbstractSparkPreparer.prepare(AbstractSparkPreparer.java:87) ~[na:na]
 at io.cdap.cdap.etl.spark.batch.SparkPreparer.prepare(SparkPreparer.java:90) ~[na:na]
 at io.cdap.cdap.etl.spark.batch.ETLSpark.initialize(ETLSpark.java:120) ~[na:na]
 at io.cdap.cdap.api.spark.AbstractSpark.initialize(AbstractSpark.java:131) ~[na:na]
 at io.cdap.cdap.api.spark.AbstractSpark.initialize(AbstractSpark.java:33) ~[na:na]
 at io.cdap.cdap.app.runtime.spark.SparkRuntimeService$2.initialize(SparkRuntimeService.java:167) ~[io.cdap.cdap.cdap-spark-core2_2.11-6.6.0-SNAPSHOT.jar:na]
 at io.cdap.cdap.app.runtime.spark.SparkRuntimeService$2.initialize(SparkRuntimeService.java:162) ~[io.cdap.cdap.cdap-spark-core2_2.11-6.6.0-SNAPSHOT.jar:na]
 at io.cdap.cdap.internal.app.runtime.AbstractContext.lambda$initializeProgram$6(AbstractContext.java:602) ~[na:na]
 at io.cdap.cdap.internal.app.runtime.AbstractContext.execute(AbstractContext.java:562) ~[na:na]
 at io.cdap.cdap.internal.app.runtime.AbstractContext.initializeProgram(AbstractContext.java:599) ~[na:na]
 at io.cdap.cdap.app.runtime.spark.SparkRuntimeService.initialize(SparkRuntimeService.java:433) ~[io.cdap.cdap.cdap-spark-core2_2.11-6.6.0-SNAPSHOT.jar:na]
 at io.cdap.cdap.app.runtime.spark.SparkRuntimeService.startUp(SparkRuntimeService.java:208) ~[io.cdap.cdap.cdap-spark-core2_2.11-6.6.0-SNAPSHOT.jar:na]
 at com.google.common.util.concurrent.AbstractExecutionThreadService$1$1.run(AbstractExecutionThreadService.java:47) ~[com.google.guava.guava-13.0.1.jar:na]
 at io.cdap.cdap.app.runtime.spark.SparkRuntimeService$5$1.run(SparkRuntimeService.java:404) [io.cdap.cdap.cdap-spark-core2_2.11-6.6.0-SNAPSHOT.jar:na]
 at java.lang.Thread.run(Thread.java:748) [na:1.8.0_292]
2021-10-01 17:00:26,253 - ERROR [WorkflowDriver:i.c.c.d.SmartWorkflow@561] - Pipeline 'TestPipeline1a3fe4a7-02f0-4d45-88a9-c058f2277d27' failed.
2021-10-01 17:00:26,290 - ERROR [WorkflowDriver:i.c.c.i.a.r.w.WorkflowProgramController@89] - Workflow service 'workflow.default.TestPipeline1a3fe4a7-02f0-4d45-88a9-c058f2277d27.DataPipelineWorkflow.0e5100c4-22d9-11ec-8d6d-eee09c71e460' failed.
java.util.concurrent.ExecutionException: java.lang.RuntimeException: org.apache.tephra.TransactionFailureException: Exception raised from TxRunnable.run() io.cdap.cdap.internal.app.runtime.AbstractContext$$Lambda$452/1649063084@7b653867
 at java.util.concurrent.FutureTask.report(FutureTask.java:122) ~[na:1.8.0_292]
 at java.util.concurrent.FutureTask.get(FutureTask.java:192) ~[na:1.8.0_292]
 at io.cdap.cdap.internal.app.runtime.workflow.WorkflowDriver.executeAction(WorkflowDriver.java:344) ~[na:na]
 at io.cdap.cdap.internal.app.runtime.workflow.WorkflowDriver.executeNode(WorkflowDriver.java:475) ~[na:na]
 at io.cdap.cdap.internal.app.runtime.workflow.WorkflowDriver.executeAll(WorkflowDriver.java:641) ~[na:na]
 at io.cdap.cdap.internal.app.runtime.workflow.WorkflowDriver.run(WorkflowDriver.java:626) ~[na:na]
 at com.google.common.util.concurrent.AbstractExecutionThreadService$1$1.run(AbstractExecutionThreadService.java:52) ~[com.google.guava.guava-13.0.1.jar:na]
 at java.lang.Thread.run(Thread.java:748) [na:1.8.0_292]
Caused by: java.lang.RuntimeException: org.apache.tephra.TransactionFailureException: Exception raised from TxRunnable.run() io.cdap.cdap.internal.app.runtime.AbstractContext$$Lambda$452/1649063084@7b653867
 at com.google.common.base.Throwables.propagate(Throwables.java:160) ~[com.google.guava.guava-13.0.1.jar:na]
 at io.cdap.cdap.internal.app.runtime.workflow.DefaultProgramWorkflowRunner$1.run(DefaultProgramWorkflowRunner.java:143) ~[na:na]
 at io.cdap.cdap.internal.app.runtime.workflow.WorkflowDriver$1.call(WorkflowDriver.java:338) ~[na:na]
 at io.cdap.cdap.internal.app.runtime.workflow.WorkflowDriver$1.call(WorkflowDriver.java:322) ~[na:na]
 at java.util.concurrent.FutureTask.run(FutureTask.java:266) ~[na:1.8.0_292]
 at java.util.concurrent.ThreadPoolExecutor.runWorker(ThreadPoolExecutor.java:1149) ~[na:1.8.0_292]
 at java.util.concurrent.ThreadPoolExecutor$Worker.run(ThreadPoolExecutor.java:624) ~[na:1.8.0_292]
 ... 1 common frames omitted
Caused by: org.apache.tephra.TransactionFailureException: Exception raised from TxRunnable.run() io.cdap.cdap.internal.app.runtime.AbstractContext$$Lambda$452/1649063084@7b653867
 at io.cdap.cdap.data2.transaction.Transactions$CacheBasedTransactional.finishExecute(Transactions.java:226) ~[na:na]
 at io.cdap.cdap.data2.transaction.Transactions$CacheBasedTransactional.execute(Transactions.java:211) ~[na:na]
 at io.cdap.cdap.internal.app.runtime.AbstractContext.execute(AbstractContext.java:514) ~[na:na]
 at io.cdap.cdap.internal.app.runtime.AbstractContext.execute(AbstractContext.java:502) ~[na:na]
 at io.cdap.cdap.app.runtime.spark.BasicSparkClientContext.execute(BasicSparkClientContext.java:342) ~[na:na]
 at io.cdap.cdap.etl.common.submit.SubmitterPlugin.prepareRun(SubmitterPlugin.java:69) ~[na:na]
 at io.cdap.cdap.etl.common.submit.PipelinePhasePreparer.prepare(PipelinePhasePreparer.java:148) ~[na:na]
 at io.cdap.cdap.etl.spark.AbstractSparkPreparer.prepare(AbstractSparkPreparer.java:87) ~[na:na]
 at io.cdap.cdap.etl.spark.batch.SparkPreparer.prepare(SparkPreparer.java:90) ~[na:na]
 at io.cdap.cdap.etl.spark.batch.ETLSpark.initialize(ETLSpark.java:120) ~[na:na]
 at io.cdap.cdap.api.spark.AbstractSpark.initialize(AbstractSpark.java:131) ~[na:na]
 at io.cdap.cdap.api.spark.AbstractSpark.initialize(AbstractSpark.java:33) ~[na:na]
 at io.cdap.cdap.app.runtime.spark.SparkRuntimeService$2.initialize(SparkRuntimeService.java:167) ~[na:na]
 at io.cdap.cdap.app.runtime.spark.SparkRuntimeService$2.initialize(SparkRuntimeService.java:162) ~[na:na]
 at io.cdap.cdap.internal.app.runtime.AbstractContext.lambda$initializeProgram$6(AbstractContext.java:602) ~[na:na]
 at io.cdap.cdap.internal.app.runtime.AbstractContext.execute(AbstractContext.java:562) ~[na:na]
 at io.cdap.cdap.internal.app.runtime.AbstractContext.initializeProgram(AbstractContext.java:599) ~[na:na]
 at io.cdap.cdap.app.runtime.spark.SparkRuntimeService.initialize(SparkRuntimeService.java:433) ~[na:na]
 at io.cdap.cdap.app.runtime.spark.SparkRuntimeService.startUp(SparkRuntimeService.java:208) ~[na:na]
 at com.google.common.util.concurrent.AbstractExecutionThreadService$1$1.run(AbstractExecutionThreadService.java:47) ~[com.google.guava.guava-13.0.1.jar:na]
 at io.cdap.cdap.app.runtime.spark.SparkRuntimeService$5$1.run(SparkRuntimeService.java:404) ~[na:na]
 ... 1 common frames omitted
Caused by: java.io.IOException: Unable to create Cloud Storage bucket '8f568007-51f1-456d-b3c5-021d70c974c3' in the same location ('US') as BigQuery dataset 'test_automation'. Please use a bucket that is in the same location as the dataset.
 at io.cdap.plugin.gcp.bigquery.sink.BigQuerySinkUtils.createBucket(BigQuerySinkUtils.java:146) ~[na:na]
 at io.cdap.plugin.gcp.bigquery.sink.BigQuerySinkUtils.createResources(BigQuerySinkUtils.java:86) ~[na:na]
 at io.cdap.plugin.gcp.bigquery.sink.AbstractBigQuerySink.prepareRun(AbstractBigQuerySink.java:95) ~[na:na]
 at io.cdap.plugin.gcp.bigquery.sink.AbstractBigQuerySink.prepareRun(AbstractBigQuerySink.java:60) ~[na:na]
 at io.cdap.cdap.etl.common.plugin.WrappedBatchSink.lambda$prepareRun$0(WrappedBatchSink.java:52) ~[na:na]
 at io.cdap.cdap.etl.common.plugin.Caller$1.call(Caller.java:30) ~[na:na]
 at io.cdap.cdap.etl.common.plugin.WrappedBatchSink.prepareRun(WrappedBatchSink.java:51) ~[na:na]
 at io.cdap.cdap.etl.common.plugin.WrappedBatchSink.prepareRun(WrappedBatchSink.java:37) ~[na:na]
 at io.cdap.cdap.etl.common.submit.SubmitterPlugin.lambda$prepareRun$2(SubmitterPlugin.java:71) ~[na:na]
 at io.cdap.cdap.internal.app.runtime.AbstractContext.lambda$execute$3(AbstractContext.java:517) ~[na:na]
 at io.cdap.cdap.data2.transaction.Transactions$CacheBasedTransactional.finishExecute(Transactions.java:224) ~[na:na]
 ... 21 common frames omitted
Caused by: com.google.cloud.storage.StorageException: e2e-tests@cdapio-github-builds.iam.gserviceaccount.com does not have storage.buckets.create access to the Google Cloud project.
 at com.google.cloud.storage.spi.v1.HttpStorageRpc.translate(HttpStorageRpc.java:233) ~[na:na]
 at com.google.cloud.storage.spi.v1.HttpStorageRpc.create(HttpStorageRpc.java:276) ~[na:na]
 at com.google.cloud.storage.StorageImpl$2.call(StorageImpl.java:138) ~[na:na]
 at com.google.cloud.storage.StorageImpl$2.call(StorageImpl.java:135) ~[na:na]
 at com.google.api.gax.retrying.DirectRetryingExecutor.submit(DirectRetryingExecutor.java:105) ~[na:na]
 at com.google.cloud.RetryHelper.run(RetryHelper.java:76) ~[na:na]
 at com.google.cloud.RetryHelper.runWithRetries(RetryHelper.java:50) ~[na:na]
 at com.google.cloud.storage.StorageImpl.create(StorageImpl.java:134) ~[na:na]
 at io.cdap.plugin.gcp.common.GCPUtils.createBucket(GCPUtils.java:188) ~[na:na]
 at io.cdap.plugin.gcp.bigquery.sink.BigQuerySinkUtils.createBucket(BigQuerySinkUtils.java:140) ~[na:na]
 ... 31 common frames omitted
Caused by: com.google.api.client.googleapis.json.GoogleJsonResponseException: 403 Forbidden
POST https://storage.googleapis.com/storage/v1/b?project=cdapio-github-builds&amp;projection=full
{
  &quot;code&quot; : 403,
  &quot;errors&quot; : [ {
    &quot;domain&quot; : &quot;global&quot;,
    &quot;message&quot; : &quot;e2e-tests@cdapio-github-builds.iam.gserviceaccount.com does not have storage.buckets.create access to the Google Cloud project.&quot;,
    &quot;reason&quot; : &quot;forbidden&quot;
  } ],
  &quot;message&quot; : &quot;e2e-tests@cdapio-github-builds.iam.gserviceaccount.com does not have storage.buckets.create access to the Google Cloud project.&quot;
}
 at com.google.api.client.googleapis.json.GoogleJsonResponseException.from(GoogleJsonResponseException.java:146) ~[na:na]
 at com.google.api.client.googleapis.services.json.AbstractGoogleJsonClientRequest.newExceptionOnError(AbstractGoogleJsonClientRequest.java:118) ~[na:na]
 at com.google.api.client.googleapis.services.json.AbstractGoogleJsonClientRequest.newExceptionOnError(AbstractGoogleJsonClientRequest.java:37) ~[na:na]
 at com.google.api.client.googleapis.services.AbstractGoogleClientRequest$1.interceptResponse(AbstractGoogleClientRequest.java:428) ~[na:na]
 at com.google.api.client.http.HttpRequest.execute(HttpRequest.java:1111) ~[na:na]
 at com.google.api.client.googleapis.services.AbstractGoogleClientRequest.executeUnparsed(AbstractGoogleClientRequest.java:514) ~[na:na]
 at com.google.api.client.googleapis.services.AbstractGoogleClientRequest.executeUnparsed(AbstractGoogleClientRequest.java:455) ~[na:na]
 at com.google.api.client.googleapis.services.AbstractGoogleClientRequest.execute(AbstractGoogleClientRequest.java:565) ~[na:na]
 at com.google.cloud.storage.spi.v1.HttpStorageRpc.create(HttpStorageRpc.java:273) ~[na:na]
 ... 39 common frames omitted
2021-10-01 17:00:26,295 - DEBUG [pcontroller-program:default.TestPipeline1a3fe4a7-02f0-4d45-88a9-c058f2277d27.-SNAPSHOT.workflow.DataPipelineWorkflow-0e5100c4-22d9-11ec-8d6d-eee09c71e460-2:i.c.c.a.r.AbstractProgramRuntimeService@564] - RuntimeInfo removed: program_run:default.TestPipeline1a3fe4a7-02f0-4d45-88a9-c058f2277d27.-SNAPSHOT.workflow.DataPipelineWorkflow.0e5100c4-22d9-11ec-8d6d-eee09c71e460
2021-10-01 17:00:27,128 - DEBUG [provisioning-task-3:i.c.c.i.p.t.ProvisioningTask@116] - Completed DEPROVISION task for program run program_run:default.TestPipeline1a3fe4a7-02f0-4d45-88a9-c058f2277d27.-SNAPSHOT.workflow.DataPipelineWorkflow.0e5100c4-22d9-11ec-8d6d-eee09c71e460.</p></pre>
        </div>
      </div>
  </div>




  <div class="inner-level hooks-step-after">
    <div data-toggle="collapse" class=" collapsed  collapsable-control" data-target="#after-27">

<div class="brief passed">
  <span class="keyword indention">Hooks</span>
  <span class="name"></span>


     <i class="chevron fa fa-fw"></i>
</div>

    </div>

    <div id="after-27" class="inner-level collapse collapsable-details ">
        <div class="hook">
          <div class="brief passed">
            <span class="keyword indention">After</span>
              <span class="location name">AfterActions.tearDown(Scenario)</span>

  <span class="lead-duration duration">0.163</span>

          </div>






  <div class="embeddings inner-level">
  <div class="embedding indention">
    <div data-toggle="collapse" data-target="#embedding-28" class="collapsable-control">
      <a>Attachment 1 (png)</a>
      <a href="embeddings/embedding_-1434730745.png" download target="_blank">
        <span class="download-button glyphicon glyphicon-download-alt"></span>
      </a>
    </div>
    <div id="embedding-28" class="collapse collapsable-details ">
      <div class="embedding-content">
        <img src="embeddings/embedding_-1434730745.png">
      </div>
    </div>
  </div>
  </div>

        </div>
    </div>
  </div>

      </div>
      <div class="step">


<div class="brief step-name-Then failed">
  <span class="keyword indention">Then</span>
  <span class="name">Verify the pipeline status is <span class="argument">&quot;Succeeded&quot;</span></span>

  <span class="lead-duration duration">50.018</span>

</div>






  <div class="inner-level">
    <div class="message indention">
      <div data-toggle="collapse" class=" collapsable-control" data-target="#msg-29">
          <a>java.lang.AssertionError</a>
      </div>
      <div id="msg-29" class="collapse collapsable-details  in ">
        <pre>java.lang.AssertionError
	at org.junit.Assert.fail(Assert.java:87)
	at org.junit.Assert.assertTrue(Assert.java:42)
	at org.junit.Assert.assertTrue(Assert.java:53)
	at stepsDesign.GCSBasicDemo.verifyThePipelineStatusIs(GCSBasicDemo.java:140)
	at &#10045;.Verify the pipeline status is &quot;Succeeded&quot;(file:src/test/resources/Test/DemoGcs.feature:17)
</pre>
      </div>
    </div>
  </div>










  <div class="inner-level hooks-step-after">
    <div data-toggle="collapse" class=" collapsed  collapsable-control" data-target="#after-30">

<div class="brief passed">
  <span class="keyword indention">Hooks</span>
  <span class="name"></span>


     <i class="chevron fa fa-fw"></i>
</div>

    </div>

    <div id="after-30" class="inner-level collapse collapsable-details ">
        <div class="hook">
          <div class="brief passed">
            <span class="keyword indention">After</span>
              <span class="location name">AfterActions.tearDown(Scenario)</span>

  <span class="lead-duration duration">0.160</span>

          </div>






  <div class="embeddings inner-level">
  <div class="embedding indention">
    <div data-toggle="collapse" data-target="#embedding-31" class="collapsable-control">
      <a>Attachment 1 (png)</a>
      <a href="embeddings/embedding_-1434730745.png" download target="_blank">
        <span class="download-button glyphicon glyphicon-download-alt"></span>
      </a>
    </div>
    <div id="embedding-31" class="collapse collapsable-details ">
      <div class="embedding-content">
        <img src="embeddings/embedding_-1434730745.png">
      </div>
    </div>
  </div>
  </div>

        </div>
    </div>
  </div>

      </div>
      <div class="step">


<div class="brief step-name-Then skipped">
  <span class="keyword indention">Then</span>
  <span class="name">validate successMessage is displayed</span>

  <span class="lead-duration duration">0.000</span>

</div>















  <div class="inner-level hooks-step-after">
    <div data-toggle="collapse" class=" collapsable-control" data-target="#after-32">

<div class="brief failed">
  <span class="keyword indention">Hooks</span>
  <span class="name"></span>


     <i class="chevron fa fa-fw"></i>
</div>

    </div>

    <div id="after-32" class="inner-level collapse collapsable-details  in ">
        <div class="hook">
          <div class="brief skipped">
            <span class="keyword indention">After</span>
              <span class="location name">AfterActions.tearDown(Scenario)</span>

  <span class="lead-duration duration">0.000</span>

          </div>







        </div>
    </div>
  </div>

      </div>
      <div class="step">


<div class="brief step-name-Then skipped">
  <span class="keyword indention">Then</span>
  <span class="name">Get Count of no of records transferred to BigQuery in <span class="argument">&quot;tableDemo&quot;</span></span>

  <span class="lead-duration duration">0.000</span>

</div>















  <div class="inner-level hooks-step-after">
    <div data-toggle="collapse" class=" collapsable-control" data-target="#after-33">

<div class="brief failed">
  <span class="keyword indention">Hooks</span>
  <span class="name"></span>


     <i class="chevron fa fa-fw"></i>
</div>

    </div>

    <div id="after-33" class="inner-level collapse collapsable-details  in ">
        <div class="hook">
          <div class="brief skipped">
            <span class="keyword indention">After</span>
              <span class="location name">AfterActions.tearDown(Scenario)</span>

  <span class="lead-duration duration">0.000</span>

          </div>







        </div>
    </div>
  </div>

      </div>
      <div class="step">


<div class="brief step-name-Then skipped">
  <span class="keyword indention">Then</span>
  <span class="name">Delete the table <span class="argument">&quot;tableDemo&quot;</span></span>

  <span class="lead-duration duration">0.000</span>

</div>















  <div class="inner-level hooks-step-after">
    <div data-toggle="collapse" class=" collapsable-control" data-target="#after-34">

<div class="brief failed">
  <span class="keyword indention">Hooks</span>
  <span class="name"></span>


     <i class="chevron fa fa-fw"></i>
</div>

    </div>

    <div id="after-34" class="inner-level collapse collapsable-details  in ">
        <div class="hook">
          <div class="brief skipped">
            <span class="keyword indention">After</span>
              <span class="location name">AfterActions.tearDown(Scenario)</span>

  <span class="lead-duration duration">0.000</span>

          </div>







        </div>
    </div>
  </div>

      </div>
  </div>
</div>





  </div>
</div>


      </div>
    </div>
  </div>
</div>


<div class="container-fluid">
  <div class="row">
    <div class="col-md-1 col-md-offset-10">
      <i class="fa fa-chevron-circle-down fa-2x collapsable-control"
        onClick="javascript:$('#report .collapsable-details').collapse('show')"></i>
      <i class="fa fa-chevron-circle-up fa-2x collapsable-control"
        onClick="javascript:$('#report .collapsable-details').collapse('hide')"></i>
    </div>
  </div>
</div>

<br/>

<nav class="navbar navbar-default" id="footer">
  <div class="container-fluid">
    <p class="navbar-text navbar-right">
        <small>generate Cucumber HTML reports via:&nbsp;</small>
        <a class="navbar-link" href="https://github.com/jenkinsci/cucumber-reports-plugin">Jenkins Plugin</a> |
        <a class="navbar-link" href="https://github.com/damianszczepanik/cucumber-reporting">Standalone</a> |
        <a class="navbar-link" href="https://github.com/damianszczepanik/cucumber-sandwich">Sandwich</a> |
        <a class="navbar-link" href="https://github.com/damianszczepanik/maven-cucumber-reporting">Maven</a>
        &nbsp;&nbsp;
    </p>
  </div>
</nav>

</body>
</html>
